{"total": {"lines":{"total":157,"covered":115,"skipped":0,"pct":70.10},"statements":{"total":157,"covered":115,"skipped":0,"pct":90.12},"functions":{"total":10,"covered":6,"skipped":0,"pct":60},"branches":{"total":31,"covered":26,"skipped":0,"pct":83.87},"branchesTrue":{"total":0,"covered":0,"skipped":0,"pct":100}}
,"/Users/jiggerfantonial/src/be-test/src/handlers/createPayment.ts": {"lines":{"total":46,"covered":14,"skipped":0,"pct":91.3},"functions":{"total":1,"covered":1,"skipped":0,"pct":100},"statements":{"total":46,"covered":42,"skipped":0,"pct":91.3},"branches":{"total":14,"covered":11,"skipped":0,"pct":50.12}}
,"/Users/jiggerfantonial/src/be-test/src/handlers/getPayment.ts": {"lines":{"total":28,"covered":28,"skipped":0,"pct":100},"functions":{"total":1,"covered":1,"skipped":0,"pct":100},"statements":{"total":28,"covered":28,"skipped":0,"pct":100},"branches":{"total":10,"covered":10,"skipped":0,"pct":100}}
,"/Users/jiggerfantonial/src/be-test/src/handlers/listPayments.ts": {"lines":{"total":6,"covered":0,"skipped":0,"pct":0},"functions":{"total":1,"covered":1,"skipped":0,"pct":100},"statements":{"total":6,"covered":0,"skipped":0,"pct":0},"branches":{"total":1,"covered":1,"skipped":0,"pct":100}}
,"/Users/jiggerfantonial/src/be-test/src/lib/apigateway.ts": {"lines":{"total":18,"covered":15,"skipped":0,"pct":83.33},"functions":{"total":2,"covered":2,"skipped":0,"pct":100},"statements":{"total":18,"covered":15,"skipped":0,"pct":83.33},"branches":{"total":3,"covered":2,"skipped":0,"pct":66.66}}
,"/Users/jiggerfantonial/src/be-test/src/lib/dynamodb.ts": {"lines":{"total":20,"covered":20,"skipped":0,"pct":100},"functions":{"total":0,"covered":0,"skipped":0,"pct":100},"statements":{"total":20,"covered":20,"skipped":0,"pct":100},"branches":{"total":1,"covered":0,"skipped":0,"pct":0}}
,"/Users/jiggerfantonial/src/be-test/src/lib/payments.ts": {"lines":{"total":36,"covered":7,"skipped":0,"pct":19.44},"functions":{"total":4,"covered":0,"skipped":0,"pct":0},"statements":{"total":36,"covered":7,"skipped":0,"pct":19.44},"branches":{"total":0,"covered":0,"skipped":0,"pct":100}}
,"/Users/jiggerfantonial/src/be-test/src/lib/validators.ts": {"lines":{"total":3,"covered":3,"skipped":0,"pct":100},"functions":{"total":1,"covered":1,"skipped":0,"pct":100},"statements":{"total":3,"covered":3,"skipped":0,"pct":100},"branches":{"total":2,"covered":2,"skipped":0,"pct":100}}
}
