{"total": {"lines":{"total":149,"covered":108,"skipped":0,"pct":72.48},"statements":{"total":149,"covered":108,"skipped":0,"pct":75.18},"functions":{"total":10,"covered":5,"skipped":0,"pct":48},"branches":{"total":31,"covered":25,"skipped":0,"pct":80.64},"branchesTrue":{"total":0,"covered":0,"skipped":0,"pct":100}}
,"/Users/jiggerfantonial/src/be-test/src/handlers/createPayment.ts": {"lines":{"total":42,"covered":38,"skipped":0,"pct":90.47},"functions":{"total":1,"covered":1,"skipped":0,"pct":100},"statements":{"total":42,"covered":38,"skipped":0,"pct":90.47},"branches":{"total":14,"covered":11,"skipped":0,"pct":78.57}}
,"/Users/jiggerfantonial/src/be-test/src/handlers/getPayment.ts": {"lines":{"total":26,"covered":26,"skipped":0,"pct":100},"functions":{"total":1,"covered":1,"skipped":0,"pct":100},"statements":{"total":26,"covered":26,"skipped":0,"pct":100},"branches":{"total":10,"covered":10,"skipped":0,"pct":100}}
,"/Users/jiggerfantonial/src/be-test/src/handlers/listPayments.ts": {"lines":{"total":5,"covered":0,"skipped":0,"pct":0},"functions":{"total":1,"covered":0,"skipped":0,"pct":0},"statements":{"total":5,"covered":0,"skipped":0,"pct":0},"branches":{"total":1,"covered":0,"skipped":0,"pct":0}}
,"/Users/jiggerfantonial/src/be-test/src/lib/apigateway.ts": {"lines":{"total":19,"covered":16,"skipped":0,"pct":84.21},"functions":{"total":2,"covered":2,"skipped":0,"pct":100},"statements":{"total":19,"covered":16,"skipped":0,"pct":84.21},"branches":{"total":3,"covered":2,"skipped":0,"pct":66.66}}
,"/Users/jiggerfantonial/src/be-test/src/lib/dynamodb.ts": {"lines":{"total":19,"covered":19,"skipped":0,"pct":100},"functions":{"total":0,"covered":0,"skipped":0,"pct":100},"statements":{"total":19,"covered":19,"skipped":0,"pct":100},"branches":{"total":1,"covered":0,"skipped":0,"pct":0}}
,"/Users/jiggerfantonial/src/be-test/src/lib/payments.ts": {"lines":{"total":34,"covered":5,"skipped":0,"pct":14.7},"functions":{"total":4,"covered":0,"skipped":0,"pct":0},"statements":{"total":34,"covered":5,"skipped":0,"pct":14.7},"branches":{"total":0,"covered":0,"skipped":0,"pct":100}}
,"/Users/jiggerfantonial/src/be-test/src/lib/validators.ts": {"lines":{"total":4,"covered":4,"skipped":0,"pct":100},"functions":{"total":1,"covered":1,"skipped":0,"pct":100},"statements":{"total":4,"covered":4,"skipped":0,"pct":100},"branches":{"total":2,"covered":2,"skipped":0,"pct":100}}
}
